<?xml version="1.0" encoding="UTF-8"?>
<!-- Generated by org.testng.reporters.JUnitXMLReporter -->
<testsuite ignored="0" hostname="NoahsMacMini.local" failures="1" tests="5" name="UI Tests" time="15.051" errors="0" timestamp="2026-05-13T21:49:08 EDT">
  <testcase classname="test.ViewSubscription" name="testGetRowDataByName" time="1.16">
    <failure type="java.lang.AssertionError" message="Row data should not be null expected object to not be null">
      <![CDATA[java.lang.AssertionError: Row data should not be null expected object to not be null
at test.ViewSubscription.testGetRowDataByName(ViewSubscription.java:98)
at java.base/java.util.concurrent.Executors$RunnableAdapter.call(Executors.java:539)
at java.base/java.util.concurrent.FutureTask.run(FutureTask.java:264)
at java.base/java.util.concurrent.ThreadPoolExecutor.runWorker(ThreadPoolExecutor.java:1136)
at java.base/java.util.concurrent.ThreadPoolExecutor$Worker.run(ThreadPoolExecutor.java:635)
at java.base/java.lang.Thread.run(Thread.java:840)
... Removed 15 stack frames]]>
    </failure>
  </testcase> <!-- testGetRowDataByName -->
  <testcase classname="test.SubscriptionUserFlow" name="testSubscriptionUserFlow" time="2.317"/>
  <testcase classname="test.SanityTest" name="openHomePage" time="3.159"/>
  <testcase classname="test.ViewSubscription" name="testIframeActions" time="1.071"/>
  <testcase classname="test.SanityTest" name="testPaginationNavigation" time="4.938"/>
</testsuite> <!-- UI Tests -->
