<?xml version="1.0" encoding="UTF-8"?>
<!-- Generated by org.testng.reporters.JUnitXMLReporter -->
<testsuite ignored="0" hostname="NoahsMacMini.local" failures="1" tests="1" name="Surefire test" time="5.108" errors="0" timestamp="2026-05-03T20:32:45 EDT">
  <testcase classname="test.ViewSubscription" name="testGetRowDataByName" time="1.489">
    <failure type="java.lang.AssertionError" message="Row data should not be null expected object to not be null">
      <![CDATA[java.lang.AssertionError: Row data should not be null expected object to not be null
at test.ViewSubscription.testGetRowDataByName(ViewSubscription.java:95)
at java.base/java.util.ArrayList.forEach(ArrayList.java:1511)
... Removed 34 stack frames]]>
    </failure>
  </testcase> <!-- testGetRowDataByName -->
</testsuite> <!-- Surefire test -->
