<?xml version="1.0" encoding="UTF-8"?>
<testsuite xmlns:xsi="http://www.w3.org/2001/XMLSchema-instance" xsi:noNamespaceSchemaLocation="https://maven.apache.org/surefire/maven-surefire-plugin/xsd/surefire-test-report.xsd" version="3.0.1" name="test.SubscriptionCreationTests" time="1.871" tests="4" errors="0" skipped="0" failures="0">
  <properties>
[...]
</properties>
  <testcase name="shouldDeletePet" classname="test.SubscriptionCreationTests" time="0.983">
    <system-out><![CDATA[
=== Running: shouldDeletePet ===
HTTP/1.1 200 OK
Date: Mon, 30 Mar 2026 00:43:05 GMT
Content-Type: application/json
Transfer-Encoding: chunked
Connection: keep-alive
Access-Control-Allow-Origin: *
Access-Control-Allow-Methods: GET, POST, DELETE, PUT
Access-Control-Allow-Headers: Content-Type, api_key, Authorization
Server: Jetty(9.2.9.v20150224)

{
    "code": 200,
    "type": "unknown",
    "message": "9001"
}
Response status code: 200
Response body: {"code":200,"type":"unknown","message":"9001"}
]]></system-out>
  </testcase>
  <testcase name="shouldGetPetById" classname="test.SubscriptionCreationTests" time="0.317">
    <system-out><![CDATA[
=== Running: shouldGetPetById ===
HTTP/1.1 200 OK
Date: Mon, 30 Mar 2026 00:43:05 GMT
Content-Type: application/json
Transfer-Encoding: chunked
Connection: keep-alive
Access-Control-Allow-Origin: *
Access-Control-Allow-Methods: GET, POST, DELETE, PUT
Access-Control-Allow-Headers: Content-Type, api_key, Authorization
Server: Jetty(9.2.9.v20150224)

{
    "id": 9001,
    "name": "test-subscription",
    "photoUrls": [
        
    ],
    "tags": [
        
    ],
    "status": "available"
}
Response status code: 200
Response body: {"id":9001,"name":"test-subscription","photoUrls":[],"tags":[],"status":"available"}
]]></system-out>
  </testcase>
  <testcase name="shouldCreateSubscriptionSuccessfully" classname="test.SubscriptionCreationTests" time="0.122">
    <system-out><![CDATA[
=== Running: shouldCreateSubscriptionSuccessfully ===
HTTP/1.1 200 OK
Date: Mon, 30 Mar 2026 00:43:06 GMT
Content-Type: application/json
Transfer-Encoding: chunked
Connection: keep-alive
Access-Control-Allow-Origin: *
Access-Control-Allow-Methods: GET, POST, DELETE, PUT
Access-Control-Allow-Headers: Content-Type, api_key, Authorization
Server: Jetty(9.2.9.v20150224)

{
    "id": 9001,
    "name": "test-subscription",
    "photoUrls": [
        
    ],
    "tags": [
        
    ],
    "status": "available"
}
Response status code: 200
Response body: {"id":9001,"name":"test-subscription","photoUrls":[],"tags":[],"status":"available"}
]]></system-out>
  </testcase>
  <testcase name="shouldUpdatePet" classname="test.SubscriptionCreationTests" time="0.297">
    <system-out><![CDATA[
=== Running: shouldUpdatePet ===
HTTP/1.1 200 OK
Date: Mon, 30 Mar 2026 00:43:06 GMT
Content-Type: application/json
Transfer-Encoding: chunked
Connection: keep-alive
Access-Control-Allow-Origin: *
Access-Control-Allow-Methods: GET, POST, DELETE, PUT
Access-Control-Allow-Headers: Content-Type, api_key, Authorization
Server: Jetty(9.2.9.v20150224)

{
    "id": 9001,
    "name": "updated-subscription",
    "photoUrls": [
        
    ],
    "tags": [
        
    ],
    "status": "available"
}
Response status code: 200
Response body: {"id":9001,"name":"updated-subscription","photoUrls":[],"tags":[],"status":"available"}
]]></system-out>
  </testcase>
</testsuite>