<?xml version="1.0" encoding="UTF-8"?>
<testsuite xmlns:xsi="http://www.w3.org/2001/XMLSchema-instance" xsi:noNamespaceSchemaLocation="https://maven.apache.org/surefire/maven-surefire-plugin/xsd/surefire-test-report.xsd" version="3.0.1" name="test.UserAuthenticationTests" time="2.071" tests="1" errors="0" skipped="0" failures="0">
  <properties>
[...]
</properties>
  <testcase name="shouldCompleteFullNoteWorkflow" classname="test.UserAuthenticationTests" time="2.013">
    <system-out><![CDATA[HTTP/1.1 200 OK
access-control-allow-origin: *
access-control-allow-credentials: true
access-control-allow-methods: GET, POST, PUT, DELETE, PATCH
access-control-allow-headers: Origin, X-Requested-With, Authorization, Content-Type, Accept, X-Auth-Token
content-type: application/json; charset=utf-8
content-encoding: gzip
etag: W/"d8-UiZBvWBWhW7qSSzm1rBXAeBnGYA"
set-cookie: express:sess=eyJmbGFzaCI6e319; path=/; httponly
set-cookie: express:sess.sig=tdt42nQZiQvICqmrvHQ1_16fHk0; path=/; httponly
date: Mon, 20 Apr 2026 01:25:13 GMT
connection: keep-alive
keep-alive: timeout=5
transfer-encoding: chunked

{
    "success": true,
    "status": 200,
    "message": "Login successful",
    "data": {
        "id": "69d593bf951eca02979c60f9",
        "name": "noahx",
        "email": "noah123@test.com",
        "token": "4bbc6db63f5b4c71bf6b570c5d72132b803fe77e82ca4cff999179ae0c76cc0c"
    }
}
HTTP/1.1 200 OK
access-control-allow-origin: *
access-control-allow-credentials: true
access-control-allow-methods: GET, POST, PUT, DELETE, PATCH
access-control-allow-headers: Origin, X-Requested-With, Authorization, Content-Type, Accept, X-Auth-Token
content-type: application/json; charset=utf-8
content-encoding: gzip
etag: W/"14b-A6syymlt+buSVy1yC+mDuhdBC7U"
set-cookie: express:sess=eyJmbGFzaCI6e319; path=/; httponly
set-cookie: express:sess.sig=tdt42nQZiQvICqmrvHQ1_16fHk0; path=/; httponly
date: Mon, 20 Apr 2026 01:25:13 GMT
connection: keep-alive
keep-alive: timeout=5
transfer-encoding: chunked

{
    "success": true,
    "status": 200,
    "message": "Note successfully created",
    "data": {
        "id": "69e58079f345490295861f96",
        "title": "Automation Note",
        "description": "created from test framework",
        "category": "Home",
        "completed": false,
        "created_at": "2026-04-20T01:25:13.425Z",
        "updated_at": "2026-04-20T01:25:13.425Z",
        "user_id": "69d593bf951eca02979c60f9"
    }
}
Created note ID: 69e58079f345490295861f96
HTTP/1.1 200 OK
access-control-allow-origin: *
access-control-allow-credentials: true
access-control-allow-methods: GET, POST, PUT, DELETE, PATCH
access-control-allow-headers: Origin, X-Requested-With, Authorization, Content-Type, Accept, X-Auth-Token
content-type: application/json; charset=utf-8
content-encoding: gzip
etag: W/"d8-UiZBvWBWhW7qSSzm1rBXAeBnGYA"
set-cookie: express:sess=eyJmbGFzaCI6e319; path=/; httponly
set-cookie: express:sess.sig=tdt42nQZiQvICqmrvHQ1_16fHk0; path=/; httponly
date: Mon, 20 Apr 2026 01:25:13 GMT
connection: keep-alive
keep-alive: timeout=5
transfer-encoding: chunked

{
    "success": true,
    "status": 200,
    "message": "Login successful",
    "data": {
        "id": "69d593bf951eca02979c60f9",
        "name": "noahx",
        "email": "noah123@test.com",
        "token": "4bbc6db63f5b4c71bf6b570c5d72132b803fe77e82ca4cff999179ae0c76cc0c"
    }
}
HTTP/1.1 200 OK
access-control-allow-origin: *
access-control-allow-credentials: true
access-control-allow-methods: GET, POST, PUT, DELETE, PATCH
access-control-allow-headers: Origin, X-Requested-With, Authorization, Content-Type, Accept, X-Auth-Token
content-type: application/json; charset=utf-8
content-encoding: gzip
etag: W/"14d-puy8uzVqPwTcWOOX1cwfCDjPmo4"
set-cookie: express:sess=eyJmbGFzaCI6e319; path=/; httponly
set-cookie: express:sess.sig=tdt42nQZiQvICqmrvHQ1_16fHk0; path=/; httponly
date: Mon, 20 Apr 2026 01:25:13 GMT
connection: keep-alive
keep-alive: timeout=5
transfer-encoding: chunked

{
    "success": true,
    "status": 200,
    "message": "Note successfully retrieved",
    "data": {
        "id": "69e58079f345490295861f96",
        "title": "Automation Note",
        "description": "created from test framework",
        "category": "Home",
        "completed": false,
        "created_at": "2026-04-20T01:25:13.425Z",
        "updated_at": "2026-04-20T01:25:13.425Z",
        "user_id": "69d593bf951eca02979c60f9"
    }
}
HTTP/1.1 200 OK
access-control-allow-origin: *
access-control-allow-credentials: true
access-control-allow-methods: GET, POST, PUT, DELETE, PATCH
access-control-allow-headers: Origin, X-Requested-With, Authorization, Content-Type, Accept, X-Auth-Token
content-type: application/json; charset=utf-8
content-encoding: gzip
etag: W/"d8-UiZBvWBWhW7qSSzm1rBXAeBnGYA"
set-cookie: express:sess=eyJmbGFzaCI6e319; path=/; httponly
set-cookie: express:sess.sig=tdt42nQZiQvICqmrvHQ1_16fHk0; path=/; httponly
date: Mon, 20 Apr 2026 01:25:13 GMT
connection: keep-alive
keep-alive: timeout=5
transfer-encoding: chunked

{
    "success": true,
    "status": 200,
    "message": "Login successful",
    "data": {
        "id": "69d593bf951eca02979c60f9",
        "name": "noahx",
        "email": "noah123@test.com",
        "token": "4bbc6db63f5b4c71bf6b570c5d72132b803fe77e82ca4cff999179ae0c76cc0c"
    }
}
HTTP/1.1 200 OK
access-control-allow-origin: *
access-control-allow-credentials: true
access-control-allow-methods: GET, POST, PUT, DELETE, PATCH
access-control-allow-headers: Origin, X-Requested-With, Authorization, Content-Type, Accept, X-Auth-Token
content-type: application/json; charset=utf-8
content-encoding: gzip
etag: W/"153-uWN8x0Vg42k9T/P01mPX6BISeE4"
set-cookie: express:sess=eyJmbGFzaCI6e319; path=/; httponly
set-cookie: express:sess.sig=tdt42nQZiQvICqmrvHQ1_16fHk0; path=/; httponly
date: Mon, 20 Apr 2026 01:25:13 GMT
connection: keep-alive
keep-alive: timeout=5
transfer-encoding: chunked

{
    "success": true,
    "status": 200,
    "message": "Note successfully Updated",
    "data": {
        "id": "69e58079f345490295861f96",
        "title": "Updated Automation Note",
        "description": "created from test framework",
        "category": "Home",
        "completed": false,
        "created_at": "2026-04-20T01:25:13.425Z",
        "updated_at": "2026-04-20T01:25:13.977Z",
        "user_id": "69d593bf951eca02979c60f9"
    }
}
HTTP/1.1 200 OK
access-control-allow-origin: *
access-control-allow-credentials: true
access-control-allow-methods: GET, POST, PUT, DELETE, PATCH
access-control-allow-headers: Origin, X-Requested-With, Authorization, Content-Type, Accept, X-Auth-Token
content-type: application/json; charset=utf-8
content-encoding: gzip
etag: W/"d8-UiZBvWBWhW7qSSzm1rBXAeBnGYA"
set-cookie: express:sess=eyJmbGFzaCI6e319; path=/; httponly
set-cookie: express:sess.sig=tdt42nQZiQvICqmrvHQ1_16fHk0; path=/; httponly
date: Mon, 20 Apr 2026 01:25:14 GMT
connection: keep-alive
keep-alive: timeout=5
transfer-encoding: chunked

{
    "success": true,
    "status": 200,
    "message": "Login successful",
    "data": {
        "id": "69d593bf951eca02979c60f9",
        "name": "noahx",
        "email": "noah123@test.com",
        "token": "4bbc6db63f5b4c71bf6b570c5d72132b803fe77e82ca4cff999179ae0c76cc0c"
    }
}
HTTP/1.1 200 OK
access-control-allow-origin: *
access-control-allow-credentials: true
access-control-allow-methods: GET, POST, PUT, DELETE, PATCH
access-control-allow-headers: Origin, X-Requested-With, Authorization, Content-Type, Accept, X-Auth-Token
content-type: application/json; charset=utf-8
content-encoding: gzip
etag: W/"43-NRjYUraIosLt+x2lOOhDKG8vqCU"
set-cookie: express:sess=eyJmbGFzaCI6e319; path=/; httponly
set-cookie: express:sess.sig=tdt42nQZiQvICqmrvHQ1_16fHk0; path=/; httponly
date: Mon, 20 Apr 2026 01:25:14 GMT
connection: keep-alive
keep-alive: timeout=5
transfer-encoding: chunked

{
    "success": true,
    "status": 200,
    "message": "Note successfully deleted"
}
]]></system-out>
    <system-err><![CDATA[SLF4J: Failed to load class "org.slf4j.impl.StaticLoggerBinder".
SLF4J: Defaulting to no-operation (NOP) logger implementation
SLF4J: See http://www.slf4j.org/codes.html#StaticLoggerBinder for further details.
]]></system-err>
  </testcase>
</testsuite>