<?xml version="1.0" encoding="UTF-8"?>
<testsuite xmlns:xsi="http://www.w3.org/2001/XMLSchema-instance" xsi:noNamespaceSchemaLocation="https://maven.apache.org/surefire/maven-surefire-plugin/xsd/surefire-test-report.xsd" version="3.0.1" name="test.SubscriptionCreationTests" time="2.211" tests="8" errors="0" skipped="0" failures="3">
  <properties>
[...]
</properties>
  <testcase name="shouldCreateSubscriptionUsingDataFactory" classname="test.SubscriptionCreationTests" time="0.687">
    <system-out><![CDATA[
=== Running: shouldCreateSubscriptionUsingDataFactory ===
HTTP/1.1 200 OK
Date: Tue, 31 Mar 2026 22:26:04 GMT
Content-Type: application/json
Transfer-Encoding: chunked
Connection: keep-alive
Access-Control-Allow-Origin: *
Access-Control-Allow-Methods: GET, POST, DELETE, PUT
Access-Control-Allow-Headers: Content-Type, api_key, Authorization
Server: Jetty(9.2.9.v20150224)

{
    "id": 9010,
    "name": "dynamic-plan",
    "photoUrls": [
        
    ],
    "tags": [
        
    ],
    "status": "active"
}
]]></system-out>
  </testcase>
  <testcase name="shouldDeletePet" classname="test.SubscriptionCreationTests" time="0.253">
    <system-out><![CDATA[
=== Running: shouldDeletePet ===
HTTP/1.1 200 OK
Date: Tue, 31 Mar 2026 22:26:04 GMT
Content-Type: application/json
Transfer-Encoding: chunked
Connection: keep-alive
Access-Control-Allow-Origin: *
Access-Control-Allow-Methods: GET, POST, DELETE, PUT
Access-Control-Allow-Headers: Content-Type, api_key, Authorization
Server: Jetty(9.2.9.v20150224)

{
    "code": 200,
    "type": "unknown",
    "message": "9001"
}
Response status code: 200
Response body: {"code":200,"type":"unknown","message":"9001"}
]]></system-out>
  </testcase>
  <testcase name="shouldFailWhenInvalidStatusValue" classname="test.SubscriptionCreationTests" time="0.113">
    <failure message="expected: &lt;400&gt; but was: &lt;200&gt;" type="org.opentest4j.AssertionFailedError"><![CDATA[org.opentest4j.AssertionFailedError: expected: <400> but was: <200>
	at org.junit.jupiter.api.AssertionFailureBuilder.build(AssertionFailureBuilder.java:151)
	at org.junit.jupiter.api.AssertionFailureBuilder.buildAndThrow(AssertionFailureBuilder.java:132)
	at org.junit.jupiter.api.AssertEquals.failNotEqual(AssertEquals.java:197)
	at org.junit.jupiter.api.AssertEquals.assertEquals(AssertEquals.java:150)
	at org.junit.jupiter.api.AssertEquals.assertEquals(AssertEquals.java:145)
	at org.junit.jupiter.api.Assertions.assertEquals(Assertions.java:531)
	at test.SubscriptionCreationTests.shouldFailWhenInvalidStatusValue(SubscriptionCreationTests.java:188)
	at java.base/java.lang.reflect.Method.invoke(Method.java:569)
	at java.base/java.util.ArrayList.forEach(ArrayList.java:1511)
	at java.base/java.util.ArrayList.forEach(ArrayList.java:1511)
]]></failure>
    <system-out><![CDATA[
=== Running: shouldFailWhenInvalidStatusValue ===
HTTP/1.1 200 OK
Date: Tue, 31 Mar 2026 22:26:04 GMT
Content-Type: application/json
Transfer-Encoding: chunked
Connection: keep-alive
Access-Control-Allow-Origin: *
Access-Control-Allow-Methods: GET, POST, DELETE, PUT
Access-Control-Allow-Headers: Content-Type, api_key, Authorization
Server: Jetty(9.2.9.v20150224)

{
    "id": 9103,
    "name": "enterprise-plan",
    "photoUrls": [
        
    ],
    "tags": [
        
    ],
    "status": "not-valid-status"
}
Returned ID: 9103
Returned Name: enterprise-plan
Returned Status: not-valid-status
]]></system-out>
  </testcase>
  <testcase name="shouldGetPetById" classname="test.SubscriptionCreationTests" time="0.316">
    <system-out><![CDATA[
=== Running: shouldGetPetById ===
HTTP/1.1 200 OK
Date: Tue, 31 Mar 2026 22:26:05 GMT
Content-Type: application/json
Transfer-Encoding: chunked
Connection: keep-alive
Access-Control-Allow-Origin: *
Access-Control-Allow-Methods: GET, POST, DELETE, PUT
Access-Control-Allow-Headers: Content-Type, api_key, Authorization
Server: Jetty(9.2.9.v20150224)

{
    "id": 9001,
    "name": "basic-plan",
    "photoUrls": [
        
    ],
    "tags": [
        
    ],
    "status": "active"
}
]]></system-out>
  </testcase>
  <testcase name="shouldCreateSubscriptionSuccessfully" classname="test.SubscriptionCreationTests" time="0.115">
    <system-out><![CDATA[
=== Running: shouldCreateSubscriptionSuccessfully ===
HTTP/1.1 200 OK
Date: Tue, 31 Mar 2026 22:26:05 GMT
Content-Type: application/json
Transfer-Encoding: chunked
Connection: keep-alive
Access-Control-Allow-Origin: *
Access-Control-Allow-Methods: GET, POST, DELETE, PUT
Access-Control-Allow-Headers: Content-Type, api_key, Authorization
Server: Jetty(9.2.9.v20150224)

{
    "id": 9001,
    "name": "basic-plan",
    "photoUrls": [
        
    ],
    "tags": [
        
    ],
    "status": "active"
}
]]></system-out>
  </testcase>
  <testcase name="shouldUpdatePet" classname="test.SubscriptionCreationTests" time="0.331">
    <system-out><![CDATA[
=== Running: shouldUpdatePet ===
HTTP/1.1 200 OK
Date: Tue, 31 Mar 2026 22:26:05 GMT
Content-Type: application/json
Transfer-Encoding: chunked
Connection: keep-alive
Access-Control-Allow-Origin: *
Access-Control-Allow-Methods: GET, POST, DELETE, PUT
Access-Control-Allow-Headers: Content-Type, api_key, Authorization
Server: Jetty(9.2.9.v20150224)

{
    "id": 9002,
    "name": "updated-subscription",
    "photoUrls": [
        
    ],
    "tags": [
        
    ],
    "status": "available"
}
Response status code: 200
Response body: {"id":9002,"name":"updated-subscription","photoUrls":[],"tags":[],"status":"available"}
]]></system-out>
  </testcase>
  <testcase name="shouldFailWhenPetNameMissing" classname="test.SubscriptionCreationTests" time="0.126">
    <failure message="expected: &lt;400&gt; but was: &lt;200&gt;" type="org.opentest4j.AssertionFailedError"><![CDATA[org.opentest4j.AssertionFailedError: expected: <400> but was: <200>
	at org.junit.jupiter.api.AssertionFailureBuilder.build(AssertionFailureBuilder.java:151)
	at org.junit.jupiter.api.AssertionFailureBuilder.buildAndThrow(AssertionFailureBuilder.java:132)
	at org.junit.jupiter.api.AssertEquals.failNotEqual(AssertEquals.java:197)
	at org.junit.jupiter.api.AssertEquals.assertEquals(AssertEquals.java:150)
	at org.junit.jupiter.api.AssertEquals.assertEquals(AssertEquals.java:145)
	at org.junit.jupiter.api.Assertions.assertEquals(Assertions.java:531)
	at test.SubscriptionCreationTests.shouldFailWhenPetNameMissing(SubscriptionCreationTests.java:163)
	at java.base/java.lang.reflect.Method.invoke(Method.java:569)
	at java.base/java.util.ArrayList.forEach(ArrayList.java:1511)
	at java.base/java.util.ArrayList.forEach(ArrayList.java:1511)
]]></failure>
    <system-out><![CDATA[
=== Running: shouldFailWhenPetNameMissing ===
HTTP/1.1 200 OK
Date: Tue, 31 Mar 2026 22:26:05 GMT
Content-Type: application/json
Transfer-Encoding: chunked
Connection: keep-alive
Access-Control-Allow-Origin: *
Access-Control-Allow-Methods: GET, POST, DELETE, PUT
Access-Control-Allow-Headers: Content-Type, api_key, Authorization
Server: Jetty(9.2.9.v20150224)

{
    "id": 9102,
    "photoUrls": [
        
    ],
    "tags": [
        
    ],
    "status": "active"
}
Returned ID: 9102
Returned Name: no name providednull
Returned Status: active
]]></system-out>
  </testcase>
  <testcase name="shouldReturnNotFoundForInvalidId" classname="test.SubscriptionCreationTests" time="0.11">
    <failure message="expected: &lt;404&gt; but was: &lt;200&gt;" type="org.opentest4j.AssertionFailedError"><![CDATA[org.opentest4j.AssertionFailedError: expected: <404> but was: <200>
	at org.junit.jupiter.api.AssertionFailureBuilder.build(AssertionFailureBuilder.java:151)
	at org.junit.jupiter.api.AssertionFailureBuilder.buildAndThrow(AssertionFailureBuilder.java:132)
	at org.junit.jupiter.api.AssertEquals.failNotEqual(AssertEquals.java:197)
	at org.junit.jupiter.api.AssertEquals.assertEquals(AssertEquals.java:150)
	at org.junit.jupiter.api.AssertEquals.assertEquals(AssertEquals.java:145)
	at org.junit.jupiter.api.Assertions.assertEquals(Assertions.java:531)
	at test.SubscriptionCreationTests.shouldReturnNotFoundForInvalidId(SubscriptionCreationTests.java:139)
	at java.base/java.lang.reflect.Method.invoke(Method.java:569)
	at java.base/java.util.ArrayList.forEach(ArrayList.java:1511)
	at java.base/java.util.ArrayList.forEach(ArrayList.java:1511)
]]></failure>
    <system-out><![CDATA[
=== Running: shouldReturnNotFoundForInvalidId ===
HTTP/1.1 200 OK
Date: Tue, 31 Mar 2026 22:26:05 GMT
Content-Type: application/json
Transfer-Encoding: chunked
Connection: keep-alive
Access-Control-Allow-Origin: *
Access-Control-Allow-Methods: GET, POST, DELETE, PUT
Access-Control-Allow-Headers: Content-Type, api_key, Authorization
Server: Jetty(9.2.9.v20150224)

{
    "id": 9999999,
    "category": {
        "id": 3,
        "name": "Baks"
    },
    "name": "doggie",
    "photoUrls": [
        
    ],
    "tags": [
        {
            "id": 3,
            "name": "Baks"
        }
    ],
    "status": "available"
}
Returned ID: 9999999
Returned Name: doggie
Returned Status: available
]]></system-out>
  </testcase>
</testsuite>