<?xml version="1.0" encoding="UTF-8"?>
<testsuite xmlns:xsi="http://www.w3.org/2001/XMLSchema-instance" xsi:noNamespaceSchemaLocation="https://maven.apache.org/surefire/maven-surefire-plugin/xsd/surefire-test-report.xsd" version="3.0.1" name="api.SubscriptionCreationTests" time="2.587" tests="4" errors="0" skipped="0" failures="0">
  <properties>
[...]
</properties>
  <testcase name="shouldDeletePet" classname="api.SubscriptionCreationTests" time="1.371">
    <system-out><![CDATA[
=== Running: shouldDeletePet ===
Request method:	POST
Request URI:	https://petstore.swagger.io/v2/pet
Proxy:			<none>
Request params:	<none>
Query params:	<none>
Form params:	<none>
Path params:	<none>
Headers:		Accept=*/*
				Content-Type=application/json
Cookies:		<none>
Multiparts:		<none>
Body:
{
    "id": 9001,
    "name": "test-subscription",
    "status": "available"
}
HTTP/1.1 200 OK
Date: Wed, 18 Mar 2026 00:35:15 GMT
Content-Type: application/json
Transfer-Encoding: chunked
Connection: keep-alive
Access-Control-Allow-Origin: *
Access-Control-Allow-Methods: GET, POST, DELETE, PUT
Access-Control-Allow-Headers: Content-Type, api_key, Authorization
Server: Jetty(9.2.9.v20150224)

{
    "id": 9001,
    "name": "test-subscription",
    "photoUrls": [
        
    ],
    "tags": [
        
    ],
    "status": "available"
}
Request method:	DELETE
Request URI:	https://petstore.swagger.io/v2/pet/9001
Proxy:			<none>
Request params:	<none>
Query params:	<none>
Form params:	<none>
Path params:	<none>
Headers:		Accept=*/*
Cookies:		<none>
Multiparts:		<none>
Body:			<none>
Request method:	DELETE
Request URI:	https://petstore.swagger.io/v2/pet/9001
Proxy:			<none>
Request params:	<none>
Query params:	<none>
Form params:	<none>
Path params:	<none>
Headers:		Accept=*/*
Cookies:		<none>
Multiparts:		<none>
Body:			<none>
HTTP/1.1 404 Not Found
Date: Wed, 18 Mar 2026 00:35:15 GMT
Content-Length: 0
Connection: keep-alive
Access-Control-Allow-Origin: *
Access-Control-Allow-Methods: GET, POST, DELETE, PUT
Access-Control-Allow-Headers: Content-Type, api_key, Authorization
Server: Jetty(9.2.9.v20150224)
Response status code: 200
Response body: {"code":200,"type":"unknown","message":"9001"}
]]></system-out>
  </testcase>
  <testcase name="shouldGetPetById" classname="api.SubscriptionCreationTests" time="0.342">
    <system-out><![CDATA[
=== Running: shouldGetPetById ===
Request method:	POST
Request URI:	https://petstore.swagger.io/v2/pet
Proxy:			<none>
Request params:	<none>
Query params:	<none>
Form params:	<none>
Path params:	<none>
Headers:		Accept=*/*
				Content-Type=application/json
Cookies:		<none>
Multiparts:		<none>
Body:
{
    "id": 9001,
    "name": "test-subscription",
    "status": "available"
}
HTTP/1.1 200 OK
Date: Wed, 18 Mar 2026 00:35:15 GMT
Content-Type: application/json
Transfer-Encoding: chunked
Connection: keep-alive
Access-Control-Allow-Origin: *
Access-Control-Allow-Methods: GET, POST, DELETE, PUT
Access-Control-Allow-Headers: Content-Type, api_key, Authorization
Server: Jetty(9.2.9.v20150224)

{
    "id": 9001,
    "name": "test-subscription",
    "photoUrls": [
        
    ],
    "tags": [
        
    ],
    "status": "available"
}
Request method:	GET
Request URI:	https://petstore.swagger.io/v2/pet/9001
Proxy:			<none>
Request params:	<none>
Query params:	<none>
Form params:	<none>
Path params:	<none>
Headers:		Accept=*/*
Cookies:		<none>
Multiparts:		<none>
Body:			<none>
Request method:	GET
Request URI:	https://petstore.swagger.io/v2/pet/9001
Proxy:			<none>
Request params:	<none>
Query params:	<none>
Form params:	<none>
Path params:	<none>
Headers:		Accept=*/*
Cookies:		<none>
Multiparts:		<none>
Body:			<none>
HTTP/1.1 200 OK
Date: Wed, 18 Mar 2026 00:35:16 GMT
Content-Type: application/json
Transfer-Encoding: chunked
Connection: keep-alive
Access-Control-Allow-Origin: *
Access-Control-Allow-Methods: GET, POST, DELETE, PUT
Access-Control-Allow-Headers: Content-Type, api_key, Authorization
Server: Jetty(9.2.9.v20150224)

{
    "id": 9001,
    "name": "test-subscription",
    "photoUrls": [
        
    ],
    "tags": [
        
    ],
    "status": "available"
}
Response status code: 200
Response body: {"id":9001,"name":"test-subscription","photoUrls":[],"tags":[],"status":"available"}
]]></system-out>
  </testcase>
  <testcase name="shouldCreateSubscriptionSuccessfully" classname="api.SubscriptionCreationTests" time="0.38">
    <system-out><![CDATA[
=== Running: shouldCreateSubscriptionSuccessfully ===
Request method:	POST
Request URI:	https://petstore.swagger.io/v2/pet
Proxy:			<none>
Request params:	<none>
Query params:	<none>
Form params:	<none>
Path params:	<none>
Headers:		Accept=*/*
				Content-Type=application/json
Cookies:		<none>
Multiparts:		<none>
Body:
{
    "id": 9001,
    "name": "test-subscription",
    "status": "available"
}
Request method:	POST
Request URI:	https://petstore.swagger.io/v2/pet
Proxy:			<none>
Request params:	<none>
Query params:	<none>
Form params:	<none>
Path params:	<none>
Headers:		Accept=*/*
				Content-Type=application/json
Cookies:		<none>
Multiparts:		<none>
Body:
{
    "id": 9001,
    "name": "test-subscription",
    "status": "available"
}
HTTP/1.1 200 OK
Date: Wed, 18 Mar 2026 00:35:16 GMT
Content-Type: application/json
Transfer-Encoding: chunked
Connection: keep-alive
Access-Control-Allow-Origin: *
Access-Control-Allow-Methods: GET, POST, DELETE, PUT
Access-Control-Allow-Headers: Content-Type, api_key, Authorization
Server: Jetty(9.2.9.v20150224)

{
    "id": 9001,
    "name": "test-subscription",
    "photoUrls": [
        
    ],
    "tags": [
        
    ],
    "status": "available"
}
Response status code: 200
Response body: {"id":9001,"name":"test-subscription","photoUrls":[],"tags":[],"status":"available"}
]]></system-out>
  </testcase>
  <testcase name="shouldUpdatePet" classname="api.SubscriptionCreationTests" time="0.484">
    <system-out><![CDATA[
=== Running: shouldUpdatePet ===
Request method:	POST
Request URI:	https://petstore.swagger.io/v2/pet
Proxy:			<none>
Request params:	<none>
Query params:	<none>
Form params:	<none>
Path params:	<none>
Headers:		Accept=*/*
				Content-Type=application/json
Cookies:		<none>
Multiparts:		<none>
Body:
{
    "id": 9001,
    "name": "test-subscription",
    "status": "available"
}
HTTP/1.1 200 OK
Date: Wed, 18 Mar 2026 00:35:16 GMT
Content-Type: application/json
Transfer-Encoding: chunked
Connection: keep-alive
Access-Control-Allow-Origin: *
Access-Control-Allow-Methods: GET, POST, DELETE, PUT
Access-Control-Allow-Headers: Content-Type, api_key, Authorization
Server: Jetty(9.2.9.v20150224)

{
    "id": 9001,
    "name": "test-subscription",
    "photoUrls": [
        
    ],
    "tags": [
        
    ],
    "status": "available"
}
Request method:	PUT
Request URI:	https://petstore.swagger.io/v2/pet
Proxy:			<none>
Request params:	<none>
Query params:	<none>
Form params:	<none>
Path params:	<none>
Headers:		Accept=*/*
				Content-Type=application/json
Cookies:		<none>
Multiparts:		<none>
Body:
{
    "id": 9001,
    "name": "updated-subscription",
    "status": "available"
}
Request method:	PUT
Request URI:	https://petstore.swagger.io/v2/pet
Proxy:			<none>
Request params:	<none>
Query params:	<none>
Form params:	<none>
Path params:	<none>
Headers:		Accept=*/*
				Content-Type=application/json
Cookies:		<none>
Multiparts:		<none>
Body:
{
    "id": 9001,
    "name": "updated-subscription",
    "status": "available"
}
HTTP/1.1 200 OK
Date: Wed, 18 Mar 2026 00:35:17 GMT
Content-Type: application/json
Transfer-Encoding: chunked
Connection: keep-alive
Access-Control-Allow-Origin: *
Access-Control-Allow-Methods: GET, POST, DELETE, PUT
Access-Control-Allow-Headers: Content-Type, api_key, Authorization
Server: Jetty(9.2.9.v20150224)

{
    "id": 9001,
    "name": "updated-subscription",
    "photoUrls": [
        
    ],
    "tags": [
        
    ],
    "status": "available"
}
Response status code: 200
Response body: {"id":9001,"name":"updated-subscription","photoUrls":[],"tags":[],"status":"available"}
]]></system-out>
  </testcase>
</testsuite>